<?xml version="1.0" encoding="UTF-8"?>
<!-- Generated by org.testng.reporters.JUnitXMLReporter -->
<testsuite ignored="0" hostname="LAPTOP-UJM7Q4P1" failures="0" tests="3" name="Default test" time="0.083" errors="0" timestamp="2023-06-10T19:36:03 IST">
  <testcase classname="testng.Example5_dependsonmethod" name="login1" time="0.012"/>
  <testcase classname="testng.Example5_dependsonmethod" name="login2" time="0.002"/>
  <testcase classname="testng.Example5_dependsonmethod" name="logout" time="0.001"/>
</testsuite> <!-- Default test -->
