<?xml version="1.0" encoding="UTF-8"?>
<testng-results ignored="0" total="3" passed="3" failed="0" skipped="0">
  <reporter-output>
    <line>
      <![CDATA[running login tc]]>
    </line>
    <line>
      <![CDATA[running login1]]>
    </line>
    <line>
      <![CDATA[running logout tc]]>
    </line>
  </reporter-output>
  <suite started-at="2023-06-10T19:36:03 IST" name="Default suite" finished-at="2023-06-10T19:36:03 IST" duration-ms="83">
    <groups>
    </groups>
    <test started-at="2023-06-10T19:36:03 IST" name="Default test" finished-at="2023-06-10T19:36:03 IST" duration-ms="83">
      <class name="testng.Example5_dependsonmethod">
        <test-method signature="login1()[pri:0, instance:testng.Example5_dependsonmethod@446293d]" started-at="2023-06-10T19:36:03 IST" name="login1" finished-at="2023-06-10T19:36:03 IST" duration-ms="12" status="PASS">
          <reporter-output>
            <line>
              <![CDATA[running login tc]]>
            </line>
          </reporter-output>
        </test-method> <!-- login1 -->
        <test-method signature="login2()[pri:0, instance:testng.Example5_dependsonmethod@446293d]" started-at="2023-06-10T19:36:03 IST" name="login2" finished-at="2023-06-10T19:36:03 IST" duration-ms="2" status="PASS">
          <reporter-output>
            <line>
              <![CDATA[running login1]]>
            </line>
          </reporter-output>
        </test-method> <!-- login2 -->
        <test-method signature="logout()[pri:0, instance:testng.Example5_dependsonmethod@446293d]" started-at="2023-06-10T19:36:03 IST" name="logout" finished-at="2023-06-10T19:36:03 IST" depends-on-methods="testng.Example5_dependsonmethod.login2, testng.Example5_dependsonmethod.login1" duration-ms="1" status="PASS">
          <reporter-output>
            <line>
              <![CDATA[running logout tc]]>
            </line>
          </reporter-output>
        </test-method> <!-- logout -->
      </class> <!-- testng.Example5_dependsonmethod -->
    </test> <!-- Default test -->
  </suite> <!-- Default suite -->
</testng-results>
